<?xml version="1.0" encoding="UTF-8"?>
<!-- Generated by org.testng.reporters.JUnitReportReporter -->
<testsuite hostname="DESKTOP-RKK89S2" failures="0" tests="1" name="ChanComplete2" time="1.642" errors="0" timestamp="2023-02-22T13:31:43 IST" skipped="0">
  <testcase classname="ChanComplete2" name="namesend" time="1.642"/>
  <system-out/>
</testsuite> <!-- ChanComplete2 -->
