<?xml version="1.0" encoding="UTF-8"?>
<!-- Generated by org.testng.reporters.JUnitReportReporter -->
<testsuite hostname="DESKTOP-RKK89S2" failures="0" tests="1" name="ChanIron1" time="1.698" errors="0" timestamp="2023-02-22T23:53:09 IST" skipped="0">
  <testcase classname="ChanIron1" name="best2" time="1.698"/>
  <system-out/>
</testsuite> <!-- ChanIron1 -->
